<?xml version="1.0" encoding="UTF-8"?>
<!-- Generated by org.testng.reporters.JUnitReportReporter -->
<testsuite hostname="AHMEDs-MacBook-Air.local" failures="2" tests="13" name="test.AmazonSearchWithExcel" time="202.956" errors="0" timestamp="2022-01-22T15:31:20 EST" skipped="0">
  <testcase classname="test.AmazonSearchWithExcel" name="amazonSearchWithExcel" time="12.633">
    <failure message="expected [Amazon.com. Spend less. Smile more.] but found [Swag Labs]" type="java.lang.AssertionError">
      <![CDATA[java.lang.AssertionError: expected [Amazon.com. Spend less. Smile more.] but found [Swag Labs]
at org.testng.Assert.fail(Assert.java:110)
at org.testng.Assert.failNotEquals(Assert.java:1413)
at org.testng.Assert.assertEqualsImpl(Assert.java:149)
at org.testng.Assert.assertEquals(Assert.java:131)
at org.testng.Assert.assertEquals(Assert.java:655)
at org.testng.Assert.assertEquals(Assert.java:665)
at test.AmazonSearchWithExcel.amazonSearchWithExcel(AmazonSearchWithExcel.java:44)
at java.base/jdk.internal.reflect.NativeMethodAccessorImpl.invoke0(Native Method)
at java.base/jdk.internal.reflect.NativeMethodAccessorImpl.invoke(NativeMethodAccessorImpl.java:64)
at java.base/jdk.internal.reflect.DelegatingMethodAccessorImpl.invoke(DelegatingMethodAccessorImpl.java:43)
at java.base/java.lang.reflect.Method.invoke(Method.java:564)
at org.testng.internal.invokers.MethodInvocationHelper.invokeMethod(MethodInvocationHelper.java:135)
at org.testng.internal.invokers.TestInvoker.invokeMethod(TestInvoker.java:673)
at org.testng.internal.invokers.TestInvoker.invokeTestMethod(TestInvoker.java:220)
at org.testng.internal.invokers.MethodRunner.runInSequence(MethodRunner.java:50)
at org.testng.internal.invokers.TestInvoker$MethodInvocationAgent.invoke(TestInvoker.java:945)
at org.testng.internal.invokers.TestInvoker.invokeTestMethods(TestInvoker.java:193)
at org.testng.internal.invokers.TestMethodWorker.invokeTestMethods(TestMethodWorker.java:146)
at org.testng.internal.invokers.TestMethodWorker.run(TestMethodWorker.java:128)
at java.base/java.util.concurrent.ThreadPoolExecutor.runWorker(ThreadPoolExecutor.java:1130)
at java.base/java.util.concurrent.ThreadPoolExecutor$Worker.run(ThreadPoolExecutor.java:630)
at java.base/java.lang.Thread.run(Thread.java:832)
]]>
    </failure>
  </testcase> <!-- amazonSearchWithExcel -->
  <system-out/>
  <testcase classname="test.AmazonSearchWithExcel" name="amazonSearchWithExcel" time="16.651"/>
  <system-out/>
  <testcase classname="test.AmazonSearchWithExcel" name="amazonSearchWithExcel" time="13.036"/>
  <system-out/>
  <testcase classname="test.AmazonSearchWithExcel" name="amazonSearchWithExcel" time="12.939"/>
  <system-out/>
  <testcase classname="test.AmazonSearchWithExcel" name="amazonSearchWithExcel" time="14.786"/>
  <system-out/>
  <testcase classname="test.AmazonSearchWithExcel" name="amazonSearchWithExcel" time="11.848">
    <failure message="expected [Amazon.com. Spend less. Smile more.] but found [Swag Labs]" type="java.lang.AssertionError">
      <![CDATA[java.lang.AssertionError: expected [Amazon.com. Spend less. Smile more.] but found [Swag Labs]
at org.testng.Assert.fail(Assert.java:110)
at org.testng.Assert.failNotEquals(Assert.java:1413)
at org.testng.Assert.assertEqualsImpl(Assert.java:149)
at org.testng.Assert.assertEquals(Assert.java:131)
at org.testng.Assert.assertEquals(Assert.java:655)
at org.testng.Assert.assertEquals(Assert.java:665)
at test.AmazonSearchWithExcel.amazonSearchWithExcel(AmazonSearchWithExcel.java:44)
at java.base/jdk.internal.reflect.NativeMethodAccessorImpl.invoke0(Native Method)
at java.base/jdk.internal.reflect.NativeMethodAccessorImpl.invoke(NativeMethodAccessorImpl.java:64)
at java.base/jdk.internal.reflect.DelegatingMethodAccessorImpl.invoke(DelegatingMethodAccessorImpl.java:43)
at java.base/java.lang.reflect.Method.invoke(Method.java:564)
at org.testng.internal.invokers.MethodInvocationHelper.invokeMethod(MethodInvocationHelper.java:135)
at org.testng.internal.invokers.TestInvoker.invokeMethod(TestInvoker.java:673)
at org.testng.internal.invokers.TestInvoker.invokeTestMethod(TestInvoker.java:220)
at org.testng.internal.invokers.MethodRunner.runInSequence(MethodRunner.java:50)
at org.testng.internal.invokers.TestInvoker$MethodInvocationAgent.invoke(TestInvoker.java:945)
at org.testng.internal.invokers.TestInvoker.invokeTestMethods(TestInvoker.java:193)
at org.testng.internal.invokers.TestMethodWorker.invokeTestMethods(TestMethodWorker.java:146)
at org.testng.internal.invokers.TestMethodWorker.run(TestMethodWorker.java:128)
at java.base/java.util.concurrent.ThreadPoolExecutor.runWorker(ThreadPoolExecutor.java:1130)
at java.base/java.util.concurrent.ThreadPoolExecutor$Worker.run(ThreadPoolExecutor.java:630)
at java.base/java.lang.Thread.run(Thread.java:832)
]]>
    </failure>
  </testcase> <!-- amazonSearchWithExcel -->
  <system-out/>
  <testcase classname="test.AmazonSearchWithExcel" name="amazonSearchWithExcel" time="12.749"/>
  <system-out/>
  <testcase classname="test.AmazonSearchWithExcel" name="amazonSearchWithExcel" time="15.967"/>
  <system-out/>
  <testcase classname="test.AmazonSearchWithExcel" name="amazonSearchWithExcel" time="12.228"/>
  <system-out/>
  <testcase classname="test.AmazonSearchWithExcel" name="amazonSearchWithExcel" time="11.565"/>
  <system-out/>
  <testcase classname="test.AmazonSearchWithExcel" name="amazonSearchWithExcel" time="28.629"/>
  <system-out/>
  <testcase classname="test.AmazonSearchWithExcel" name="amazonSearchWithExcel" time="15.952"/>
  <system-out/>
  <testcase classname="test.AmazonSearchWithExcel" name="amazonSearchWithExcel" time="23.973"/>
  <system-out/>
</testsuite> <!-- test.AmazonSearchWithExcel -->
